INFO:***** ***** ***** 2025-06-09 21:18:07 ***** ***** *****
INFO:Connected to db successfully!
INFO:Connected to Twitter successfully!
INFO:Creating tweet with text:
 "Mi corazón es una rata que agoniza en el fondo de la noche."
 Libro: Medio Siglo (1979).
INFO:id/_id:443/68472563d46fb54fd972c597
INFO:***** ***** ***** 2025-06-09 21:51:39 ***** ***** *****
INFO:Connected to db successfully!
INFO:Connected to Twitter successfully!
INFO:Creating tweet with text:
 "Aun cuando Dios existiera, no tendría sentido amarlo o pensar en él. Y ni siquiera existe."
 Libro: Ideas para rodar (Aforismos bicornes) (1963).
INFO:id/_id:248/6847253ed46fb54fd972c4d4
INFO:***** ***** ***** 2025-06-10 02:47:18 ***** ***** *****
INFO:Connected to db successfully!
INFO:Connected to Twitter successfully!
INFO:Creating tweet with text:
 "Este ensayo tiene como objetivo al hombre íntegro o entero, y como objeto al hombre fracción o quebrado."
 Libro: Ideas para rodar (Aforismos bicornes) (1963).
INFO:id/_id:4/6847250fd46fb54fd972c3e0
INFO:***** ***** ***** 2025-06-10 15:22:31 ***** ***** *****
INFO:Connected to db successfully!
INFO:Connected to Twitter successfully!
INFO:Creating tweet with text:
 "Con esta ficha humilde se gana la partida."
 Libro: Medio Siglo (1979).
INFO:id/_id:375/68472556d46fb54fd972c553
INFO:***** ***** ***** 2025-06-10 21:18:29 ***** ***** *****
INFO:Connected to db successfully!
INFO:Connected to Twitter successfully!
INFO:Creating tweet with text:
 "No me aterra que Dios no exista, sino que no exista yo."
 Libro: Teoría del vuelo (1979).
INFO:Downloading image from Cloud..
INFO:Uploading image to Twitter...
INFO:Temporary image file removed.
INFO:id/_id:274/68472543d46fb54fd972c4ee
INFO:***** ***** ***** 2025-06-11 02:46:33 ***** ***** *****
INFO:Connected to db successfully!
INFO:Connected to Twitter successfully!
INFO:Creating tweet with text:
 "Mañana, ayer, todo es hoy. No nace el tiempo, ni muere."
 Libro: Amor No A Ti, Contigo (1965).
INFO:id/_id:307/68472549d46fb54fd972c50f
INFO:***** ***** ***** 2025-06-11 15:23:06 ***** ***** *****
INFO:Connected to db successfully!
INFO:Connected to Twitter successfully!
INFO:Creating tweet with text:
 "Pensar en ti y en cualquier otra cosa."
 Libro: Ars Amandi (1985).
INFO:id/_id:691/68472592d46fb54fd972c68f
INFO:***** ***** ***** 2025-06-11 21:18:12 ***** ***** *****
INFO:Connected to db successfully!
INFO:Connected to Twitter successfully!
INFO:Creating tweet with text:
 "La técnica del vuelo tuvo que desentenderse de Dios para despegar al hombre de la tierra."
 Libro: Teoría del vuelo (1979).
INFO:Downloading image from Cloud..
INFO:Uploading image to Twitter...
INFO:Temporary image file removed.
INFO:id/_id:288/68472546d46fb54fd972c4fc
INFO:***** ***** ***** 2025-06-12 02:45:27 ***** ***** *****
INFO:Connected to db successfully!
INFO:Connected to Twitter successfully!
INFO:Creating tweet with text:
 "Te he preguntado sólo qué hiciste con el vuelto,
de dónde has sacado plata para comprar la cinta que llevas en el
pelo."
 Libro: Medio Siglo (1979).
INFO:id/_id:495/6847256dd46fb54fd972c5cb
INFO:***** ***** ***** 2025-06-12 15:22:39 ***** ***** *****
INFO:Connected to db successfully!
INFO:Connected to Twitter successfully!
INFO:Creating tweet with text:
 💾"Ellos te han hecho hermosa."
 🔖Libro: Ars Amandi (1985).
INFO:id/_id:675/6847258fd46fb54fd972c67f
